<?xml version="1.0" encoding="UTF-8"?>
<testng-results skipped="0" failed="0" ignored="0" total="2" passed="2">
  <reporter-output>
  </reporter-output>
  <suite name="Default suite" duration-ms="23383" started-at="2018-09-06T01:12:11Z" finished-at="2018-09-06T01:12:35Z">
    <groups>
    </groups>
    <test name="Default test" duration-ms="23383" started-at="2018-09-06T01:12:11Z" finished-at="2018-09-06T01:12:35Z">
      <class name="com.draganddrop.DragAndDrop">
        <test-method status="PASS" signature="setProperties()[pri:0, instance:com.draganddrop.DragAndDrop@61832929]" name="setProperties" is-config="true" duration-ms="7083" started-at="2018-09-06T01:12:11Z" finished-at="2018-09-06T01:12:18Z">
          <reporter-output>
          </reporter-output>
        </test-method> <!-- setProperties -->
        <test-method status="PASS" signature="launchSite()[pri:1, instance:com.draganddrop.DragAndDrop@61832929]" name="launchSite" duration-ms="15730" started-at="2018-09-06T01:12:18Z" description="launch drad and drop website" finished-at="2018-09-06T01:12:34Z">
          <reporter-output>
          </reporter-output>
        </test-method> <!-- launchSite -->
        <test-method status="PASS" signature="dandd()[pri:2, instance:com.draganddrop.DragAndDrop@61832929]" name="dandd" duration-ms="475" started-at="2018-09-06T01:12:34Z" description="ds" finished-at="2018-09-06T01:12:35Z">
          <reporter-output>
          </reporter-output>
        </test-method> <!-- dandd -->
      </class> <!-- com.draganddrop.DragAndDrop -->
    </test> <!-- Default test -->
  </suite> <!-- Default suite -->
</testng-results>
