<?xml version="1.0" encoding="UTF-8"?>
<testng-results skipped="0" failed="0" ignored="0" total="1" passed="1">
  <reporter-output>
  </reporter-output>
  <suite name="Default suite" duration-ms="12914" started-at="2018-09-05T15:30:31Z" finished-at="2018-09-05T15:30:44Z">
    <groups>
    </groups>
    <test name="Default test" duration-ms="12914" started-at="2018-09-05T15:30:31Z" finished-at="2018-09-05T15:30:44Z">
      <class name="com.contextclick.ContextClick">
        <test-method status="PASS" signature="setProperties()[pri:0, instance:com.contextclick.ContextClick@61832929]" name="setProperties" is-config="true" duration-ms="3311" started-at="2018-09-05T15:30:31Z" finished-at="2018-09-05T15:30:35Z">
          <reporter-output>
          </reporter-output>
        </test-method> <!-- setProperties -->
        <test-method status="PASS" signature="launchSite()[pri:1, instance:com.contextclick.ContextClick@61832929]" name="launchSite" duration-ms="9580" started-at="2018-09-05T15:30:35Z" description="launch drad and drop website" finished-at="2018-09-05T15:30:44Z">
          <reporter-output>
          </reporter-output>
        </test-method> <!-- launchSite -->
      </class> <!-- com.contextclick.ContextClick -->
    </test> <!-- Default test -->
  </suite> <!-- Default suite -->
</testng-results>
