<?xml version="1.0" encoding="UTF-8"?>
<!-- Generated by org.testng.reporters.JUnitXMLReporter -->
<testsuite hostname="DESKTOP-68BKTVB" ignored="0" name="Default test" tests="8" failures="0" timestamp="05 Sep 2018 14:39:48 GMT" time="76.141" errors="0">
  <testcase name="launchSite" time="32.933" classname="com.ta.amazon.AutomateAmazon"/>
  <testcase name="logIn" time="7.696" classname="com.ta.amazon.AutomateAmazon"/>
  <testcase name="selectAllBooks" time="8.719" classname="com.ta.amazon.AutomateAmazon"/>
  <testcase name="searchForBook" time="10.933" classname="com.ta.amazon.AutomateAmazon"/>
  <testcase name="selectFourStarRating" time="0.153" classname="com.ta.amazon.AutomateAmazon"/>
  <testcase name="selectBook" time="0.038" classname="com.ta.amazon.AutomateAmazon"/>
  <testcase name="clickSeeMoreAndSeeLess" time="12.373" classname="com.ta.amazon.AutomateAmazon"/>
  <testcase name="choosePaperBack" time="0.143" classname="com.ta.amazon.AutomateAmazon"/>
</testsuite> <!-- Default test -->
