<?xml version="1.0" encoding="UTF-8"?>
<testng-results skipped="0" failed="0" ignored="0" total="1" passed="1">
  <reporter-output>
  </reporter-output>
  <suite name="Default suite" duration-ms="19110" started-at="2018-09-06T02:21:30Z" finished-at="2018-09-06T02:21:49Z">
    <groups>
    </groups>
    <test name="Default test" duration-ms="19110" started-at="2018-09-06T02:21:30Z" finished-at="2018-09-06T02:21:49Z">
      <class name="com.datepicker.testDatePicker">
        <test-method status="PASS" signature="setProperties()[pri:0, instance:com.datepicker.testDatePicker@61832929]" name="setProperties" is-config="true" duration-ms="7123" started-at="2018-09-06T02:21:30Z" finished-at="2018-09-06T02:21:37Z">
          <reporter-output>
          </reporter-output>
        </test-method> <!-- setProperties -->
        <test-method status="PASS" signature="launchSite()[pri:1, instance:com.datepicker.testDatePicker@61832929]" name="launchSite" duration-ms="11963" started-at="2018-09-06T02:21:37Z" description="launch the site" finished-at="2018-09-06T02:21:49Z">
          <reporter-output>
          </reporter-output>
        </test-method> <!-- launchSite -->
      </class> <!-- com.datepicker.testDatePicker -->
    </test> <!-- Default test -->
  </suite> <!-- Default suite -->
</testng-results>
